Running myOwnCode...
ttyACM0
INITIATING VARIABLES...


Connecting...


Selecting Antenna & Setting Output Power


STATUS of GPI pins:
Pin 1: High
Pin 2: High


Creating Asynchronous Reader


Initial Temperature: 41

BEGIN RUN #1
Background reads: EPC:000000000000000000003131 ant:2 count:1 time:2016-11-30T23:18:17.806+0000
Background reads: EPC:000000000000000000003131 ant:2 count:1 time:2016-11-30T23:18:17.839+0000
Background reads: EPC:000000000000000000003131 ant:2 count:1 time:2016-11-30T23:18:17.870+0000
Background reads: EPC:000000000000000000003131 ant:2 count:1 time:2016-11-30T23:18:17.905+0000
Background reads: EPC:000000000000000000003131 ant:2 count:1 time:2016-11-30T23:18:17.937+0000
Background reads: EPC:000000000000000000003131 ant:2 count:1 time:2016-11-30T23:18:17.969+0000
Background reads: EPC:000000000000000000003131 ant:2 count:1 time:2016-11-30T23:18:18.003+0000
Background reads: EPC:000000000000000000003131 ant:2 count:1 time:2016-11-30T23:18:18.035+0000
Background reads: EPC:000000000000000000003131 ant:2 count:1 time:2016-11-30T23:18:18.073+0000
Background reads: EPC:000000000000000000003131 ant:2 count:1 time:2016-11-30T23:18:18.108+0000
Background reads: EPC:000000000000000000003131 ant:2 count:1 time:2016-11-30T23:18:18.141+0000
Background reads: EPC:000000000000000000003131 ant:2 count:1 time:2016-11-30T23:18:18.172+0000
Background reads: EPC:000000000000000000003131 ant:2 count:1 time:2016-11-30T23:18:18.204+0000
Background reads: EPC:000000000000000000003131 ant:2 count:1 time:2016-11-30T23:18:18.252+0000
Background reads: EPC:000000000000000000003131 ant:2 count:1 time:2016-11-30T23:18:18.284+0000
Temperature2: 37
High
Background reads: EPC:000000000000000000003131 ant:2 count:1 time:2016-11-30T23:18:18.342+0000
Background reads: EPC:000000000000000000003131 ant:2 count:1 time:2016-11-30T23:18:18.375+0000
Background reads: EPC:000000000000000000003131 ant:2 count:1 time:2016-11-30T23:18:18.408+0000
Background reads: EPC:000000000000000000003131 ant:2 count:1 time:2016-11-30T23:18:18.443+0000
Background reads: EPC:000000000000000000003131 ant:2 count:1 time:2016-11-30T23:18:18.475+0000
Background reads: EPC:000000000000000000003131 ant:2 count:1 time:2016-11-30T23:18:18.507+0000
Background reads: EPC:000000000000000000003131 ant:2 count:1 time:2016-11-30T23:18:18.543+0000
Background reads: EPC:000000000000000000003131 ant:2 count:1 time:2016-11-30T23:18:18.574+0000
Background reads: EPC:000000000000000000003131 ant:2 count:1 time:2016-11-30T23:18:18.604+0000
Background reads: EPC:000000000000000000003131 ant:2 count:1 time:2016-11-30T23:18:18.636+0000
Background reads: EPC:000000000000000000003131 ant:2 count:1 time:2016-11-30T23:18:18.671+0000
Background reads: EPC:000000000000000000003131 ant:2 count:1 time:2016-11-30T23:18:18.702+0000
Background reads: EPC:000000000000000000003131 ant:2 count:1 time:2016-11-30T23:18:18.736+0000
Background reads: EPC:000000000000000000003131 ant:2 count:1 time:2016-11-30T23:18:18.769+0000
Background reads: EPC:000000000000000000003131 ant:2 count:1 time:2016-11-30T23:18:18.801+0000
Background reads: EPC:000000000000000000003131 ant:2 count:1 time:2016-11-30T23:18:18.835+0000
Temperature2: 38
High
Background reads: EPC:000000000000000000003131 ant:2 count:1 time:2016-11-30T23:18:18.887+0000
Background reads: EPC:000000000000000000003131 ant:2 count:1 time:2016-11-30T23:18:18.919+0000
Background reads: EPC:000000000000000000003131 ant:2 count:1 time:2016-11-30T23:18:18.954+0000
Background reads: EPC:000000000000000000003131 ant:2 count:1 time:2016-11-30T23:18:18.986+0000
Background reads: EPC:000000000000000000003131 ant:2 count:1 time:2016-11-30T23:18:19.017+0000
Background reads: EPC:000000000000000000003131 ant:2 count:1 time:2016-11-30T23:18:19.051+0000
Background reads: EPC:000000000000000000003131 ant:2 count:1 time:2016-11-30T23:18:19.085+0000
Background reads: EPC:000000000000000000003131 ant:2 count:1 time:2016-11-30T23:18:19.118+0000
Background reads: EPC:000000000000000000003131 ant:2 count:1 time:2016-11-30T23:18:19.148+0000
Background reads: EPC:000000000000000000003131 ant:2 count:1 time:2016-11-30T23:18:19.179+0000
Background reads: EPC:000000000000000000003131 ant:2 count:1 time:2016-11-30T23:18:19.214+0000
Background reads: EPC:000000000000000000003131 ant:2 count:1 time:2016-11-30T23:18:19.246+0000
Background reads: EPC:000000000000000000003131 ant:2 count:1 time:2016-11-30T23:18:19.280+0000
Background reads: EPC:000000000000000000003131 ant:2 count:1 time:2016-11-30T23:18:19.313+0000
Background reads: EPC:000000000000000000003131 ant:2 count:1 time:2016-11-30T23:18:19.347+0000
Background reads: EPC:000000000000000000003131 ant:2 count:1 time:2016-11-30T23:18:19.380+0000
Temperature2: 39
High
Background reads: EPC:000000000000000000003131 ant:2 count:1 time:2016-11-30T23:18:19.427+0000
Background reads: EPC:000000000000000000003131 ant:2 count:1 time:2016-11-30T23:18:19.460+0000
Background reads: EPC:000000000000000000003131 ant:2 count:1 time:2016-11-30T23:18:19.492+0000
Background reads: EPC:000000000000000000003131 ant:2 count:1 time:2016-11-30T23:18:19.526+0000
Background reads: EPC:000000000000000000003131 ant:2 count:1 time:2016-11-30T23:18:19.560+0000
Background reads: EPC:000000000000000000003131 ant:2 count:1 time:2016-11-30T23:18:19.593+0000
Background reads: EPC:000000000000000000003131 ant:2 count:1 time:2016-11-30T23:18:19.623+0000
Background reads: EPC:000000000000000000003131 ant:2 count:1 time:2016-11-30T23:18:19.657+0000
Background reads: EPC:000000000000000000003131 ant:2 count:1 time:2016-11-30T23:18:19.690+0000
Background reads: EPC:000000000000000000003131 ant:2 count:1 time:2016-11-30T23:18:19.724+0000
Background reads: EPC:000000000000000000003131 ant:2 count:1 time:2016-11-30T23:18:19.759+0000
Background reads: EPC:000000000000000000003131 ant:2 count:1 time:2016-11-30T23:18:19.791+0000
Background reads: EPC:000000000000000000003131 ant:2 count:1 time:2016-11-30T23:18:19.826+0000
Background reads: EPC:000000000000000000003131 ant:2 count:1 time:2016-11-30T23:18:19.859+0000
Background reads: EPC:000000000000000000003131 ant:2 count:1 time:2016-11-30T23:18:19.892+0000
Background reads: EPC:000000000000000000003131 ant:2 count:1 time:2016-11-30T23:18:19.927+0000
Temperature2: 40
High
Background reads: EPC:000000000000000000003131 ant:2 count:1 time:2016-11-30T23:18:19.976+0000
Background reads: EPC:000000000000000000003131 ant:2 count:1 time:2016-11-30T23:18:20.008+0000
Background reads: EPC:000000000000000000003131 ant:2 count:1 time:2016-11-30T23:18:20.043+0000
Background reads: EPC:000000000000000000003131 ant:2 count:1 time:2016-11-30T23:18:20.076+0000
Background reads: EPC:000000000000000000003131 ant:2 count:1 time:2016-11-30T23:18:20.109+0000
Background reads: EPC:000000000000000000003131 ant:2 count:1 time:2016-11-30T23:18:20.142+0000
Background reads: EPC:000000000000000000003131 ant:2 count:1 time:2016-11-30T23:18:20.177+0000
Background reads: EPC:000000000000000000003131 ant:2 count:1 time:2016-11-30T23:18:20.209+0000
Background reads: EPC:000000000000000000003131 ant:2 count:1 time:2016-11-30T23:18:20.236+0000
Background reads: EPC:000000000000000000003131 ant:2 count:1 time:2016-11-30T23:18:20.270+0000
Background reads: EPC:000000000000000000003131 ant:2 count:1 time:2016-11-30T23:18:20.302+0000
Background reads: EPC:000000000000000000003131 ant:2 count:1 time:2016-11-30T23:18:20.343+0000
Background reads: EPC:000000000000000000003131 ant:2 count:1 time:2016-11-30T23:18:20.375+0000
Background reads: EPC:000000000000000000003131 ant:2 count:1 time:2016-11-30T23:18:20.418+0000
Background reads: EPC:000000000000000000003131 ant:2 count:1 time:2016-11-30T23:18:20.450+0000
Background reads: EPC:000000000000000000003131 ant:2 count:1 time:2016-11-30T23:18:20.482+0000
Temperature2: 40
High
Background reads: EPC:000000000000000000003131 ant:2 count:1 time:2016-11-30T23:18:20.536+0000
Background reads: EPC:000000000000000000003131 ant:2 count:1 time:2016-11-30T23:18:20.568+0000
Background reads: EPC:000000000000000000003131 ant:2 count:1 time:2016-11-30T23:18:20.604+0000
Background reads: EPC:000000000000000000003131 ant:2 count:1 time:2016-11-30T23:18:20.635+0000
Background reads: EPC:000000000000000000003131 ant:2 count:1 time:2016-11-30T23:18:20.669+0000
Background reads: EPC:000000000000000000003131 ant:2 count:1 time:2016-11-30T23:18:20.703+0000
Background reads: EPC:000000000000000000003131 ant:2 count:1 time:2016-11-30T23:18:20.737+0000
Background reads: EPC:000000000000000000003131 ant:2 count:1 time:2016-11-30T23:18:20.770+0000
Background reads: EPC:000000000000000000003131 ant:2 count:1 time:2016-11-30T23:18:20.798+0000
Background reads: EPC:000000000000000000003131 ant:2 count:1 time:2016-11-30T23:18:20.831+0000
Background reads: EPC:000000000000000000003131 ant:2 count:1 time:2016-11-30T23:18:20.865+0000
Background reads: EPC:000000000000000000003131 ant:2 count:1 time:2016-11-30T23:18:20.898+0000
Background reads: EPC:000000000000000000003131 ant:2 count:1 time:2016-11-30T23:18:20.931+0000
Background reads: EPC:000000000000000000003131 ant:2 count:1 time:2016-11-30T23:18:20.967+0000
Background reads: EPC:000000000000000000003131 ant:2 count:1 time:2016-11-30T23:18:21.000+0000
Background reads: EPC:000000000000000000003131 ant:2 count:1 time:2016-11-30T23:18:21.034+0000
Temperature2: 40
High
Background reads: EPC:000000000000000000003131 ant:2 count:1 time:2016-11-30T23:18:21.084+0000
Background reads: EPC:000000000000000000003131 ant:2 count:1 time:2016-11-30T23:18:21.116+0000
Background reads: EPC:000000000000000000003131 ant:2 count:1 time:2016-11-30T23:18:21.149+0000
Background reads: EPC:000000000000000000003131 ant:2 count:1 time:2016-11-30T23:18:21.183+0000
Background reads: EPC:000000000000000000003131 ant:2 count:1 time:2016-11-30T23:18:21.218+0000
Background reads: EPC:000000000000000000003131 ant:2 count:1 time:2016-11-30T23:18:21.251+0000
Background reads: EPC:000000000000000000003131 ant:2 count:1 time:2016-11-30T23:18:21.282+0000
Background reads: EPC:000000000000000000003131 ant:2 count:1 time:2016-11-30T23:18:21.317+0000
Background reads: EPC:000000000000000000003131 ant:2 count:1 time:2016-11-30T23:18:21.347+0000
Background reads: EPC:000000000000000000003131 ant:2 count:1 time:2016-11-30T23:18:21.377+0000
Background reads: EPC:000000000000000000003131 ant:2 count:1 time:2016-11-30T23:18:21.411+0000
Background reads: EPC:000000000000000000003131 ant:2 count:1 time:2016-11-30T23:18:21.444+0000
Background reads: EPC:000000000000000000003131 ant:2 count:1 time:2016-11-30T23:18:21.477+0000
Background reads: EPC:000000000000000000003131 ant:2 count:1 time:2016-11-30T23:18:21.508+0000
Background reads: EPC:000000000000000000003131 ant:2 count:1 time:2016-11-30T23:18:21.541+0000
Background reads: EPC:000000000000000000003131 ant:2 count:1 time:2016-11-30T23:18:21.574+0000
Temperature2: 41
High
Background reads: EPC:000000000000000000003131 ant:2 count:1 time:2016-11-30T23:18:21.620+0000
Background reads: EPC:000000000000000000003131 ant:2 count:1 time:2016-11-30T23:18:21.655+0000
Background reads: EPC:000000000000000000003131 ant:2 count:1 time:2016-11-30T23:18:21.688+0000
Background reads: EPC:000000000000000000003131 ant:2 count:1 time:2016-11-30T23:18:21.720+0000
Background reads: EPC:000000000000000000003131 ant:2 count:1 time:2016-11-30T23:18:21.753+0000
Background reads: EPC:000000000000000000003131 ant:2 count:1 time:2016-11-30T23:18:21.788+0000
Background reads: EPC:000000000000000000003131 ant:2 count:1 time:2016-11-30T23:18:21.819+0000
Background reads: EPC:000000000000000000003131 ant:2 count:1 time:2016-11-30T23:18:21.853+0000
Background reads: EPC:000000000000000000003131 ant:2 count:1 time:2016-11-30T23:18:21.884+0000
Background reads: EPC:000000000000000000003131 ant:2 count:1 time:2016-11-30T23:18:21.916+0000
Background reads: EPC:000000000000000000003131 ant:2 count:1 time:2016-11-30T23:18:21.950+0000
Background reads: EPC:000000000000000000003131 ant:2 count:1 time:2016-11-30T23:18:21.982+0000
Background reads: EPC:000000000000000000003131 ant:2 count:1 time:2016-11-30T23:18:22.014+0000
Background reads: EPC:000000000000000000003131 ant:2 count:1 time:2016-11-30T23:18:22.048+0000
Background reads: EPC:000000000000000000003131 ant:2 count:1 time:2016-11-30T23:18:22.081+0000
Background reads: EPC:000000000000000000003131 ant:2 count:1 time:2016-11-30T23:18:22.112+0000
Temperature2: 42
High
Background reads: EPC:000000000000000000003131 ant:2 count:1 time:2016-11-30T23:18:22.162+0000
Background reads: EPC:000000000000000000003131 ant:2 count:1 time:2016-11-30T23:18:22.194+0000
Background reads: EPC:000000000000000000003131 ant:2 count:1 time:2016-11-30T23:18:22.227+0000
Background reads: EPC:000000000000000000003131 ant:2 count:1 time:2016-11-30T23:18:22.258+0000
Background reads: EPC:000000000000000000003131 ant:2 count:1 time:2016-11-30T23:18:22.291+0000
Background reads: EPC:000000000000000000003131 ant:2 count:1 time:2016-11-30T23:18:22.325+0000
Background reads: EPC:000000000000000000003131 ant:2 count:1 time:2016-11-30T23:18:22.358+0000
Background reads: EPC:000000000000000000003131 ant:2 count:1 time:2016-11-30T23:18:22.389+0000
Background reads: EPC:000000000000000000003131 ant:2 count:1 time:2016-11-30T23:18:22.430+0000
Background reads: EPC:000000000000000000003131 ant:2 count:1 time:2016-11-30T23:18:22.462+0000
Background reads: EPC:000000000000000000003131 ant:2 count:1 time:2016-11-30T23:18:22.495+0000
Background reads: EPC:000000000000000000003131 ant:2 count:1 time:2016-11-30T23:18:22.529+0000
Background reads: EPC:000000000000000000003131 ant:2 count:1 time:2016-11-30T23:18:22.560+0000
Background reads: EPC:000000000000000000003131 ant:2 count:1 time:2016-11-30T23:18:22.592+0000
Background reads: EPC:000000000000000000003131 ant:2 count:1 time:2016-11-30T23:18:22.625+0000
Background reads: EPC:000000000000000000003131 ant:2 count:1 time:2016-11-30T23:18:22.658+0000
Temperature2: 42
High
Background reads: EPC:000000000000000000003131 ant:2 count:1 time:2016-11-30T23:18:22.707+0000
Background reads: EPC:000000000000000000003131 ant:2 count:1 time:2016-11-30T23:18:22.741+0000
Background reads: EPC:000000000000000000003131 ant:2 count:1 time:2016-11-30T23:18:22.773+0000
Background reads: EPC:000000000000000000003131 ant:2 count:1 time:2016-11-30T23:18:22.804+0000
Background reads: EPC:000000000000000000003131 ant:2 count:1 time:2016-11-30T23:18:22.838+0000
Background reads: EPC:000000000000000000003131 ant:2 count:1 time:2016-11-30T23:18:22.871+0000
Background reads: EPC:000000000000000000003131 ant:2 count:1 time:2016-11-30T23:18:22.902+0000
Background reads: EPC:000000000000000000003131 ant:2 count:1 time:2016-11-30T23:18:22.936+0000
Background reads: EPC:000000000000000000003131 ant:2 count:1 time:2016-11-30T23:18:22.974+0000
Background reads: EPC:000000000000000000003131 ant:2 count:1 time:2016-11-30T23:18:23.007+0000
Background reads: EPC:000000000000000000003131 ant:2 count:1 time:2016-11-30T23:18:23.041+0000
Background reads: EPC:000000000000000000003131 ant:2 count:1 time:2016-11-30T23:18:23.074+0000
Background reads: EPC:000000000000000000003131 ant:2 count:1 time:2016-11-30T23:18:23.109+0000
Background reads: EPC:000000000000000000003131 ant:2 count:1 time:2016-11-30T23:18:23.142+0000
Background reads: EPC:000000000000000000003131 ant:2 count:1 time:2016-11-30T23:18:23.176+0000
Background reads: EPC:000000000000000000003131 ant:2 count:1 time:2016-11-30T23:18:23.208+0000
Background reads: EPC:000000000000000000003131 ant:2 count:1 time:2016-11-30T23:18:23.219+0000
Temperature2: 42
High
DONE: RUN #1
TO TURN OFF HOLD BUTTON 1
BEGIN RUN #2
Background reads: EPC:000000000000000000003131 ant:2 count:1 time:2016-11-30T23:18:32.344+0000
Background reads: EPC:000000000000000000003131 ant:2 count:1 time:2016-11-30T23:18:32.376+0000
Background reads: EPC:000000000000000000003131 ant:2 count:1 time:2016-11-30T23:18:32.410+0000
Background reads: EPC:000000000000000000003131 ant:2 count:1 time:2016-11-30T23:18:32.442+0000
Background reads: EPC:000000000000000000003131 ant:2 count:1 time:2016-11-30T23:18:32.475+0000
Background reads: EPC:000000000000000000003131 ant:2 count:1 time:2016-11-30T23:18:32.507+0000
Background reads: EPC:000000000000000000003131 ant:2 count:1 time:2016-11-30T23:18:32.539+0000
Background reads: EPC:000000000000000000003131 ant:2 count:1 time:2016-11-30T23:18:32.574+0000
Background reads: EPC:000000000000000000003131 ant:2 count:1 time:2016-11-30T23:18:32.615+0000
Background reads: EPC:000000000000000000003131 ant:2 count:1 time:2016-11-30T23:18:32.647+0000
Background reads: EPC:000000000000000000003131 ant:2 count:1 time:2016-11-30T23:18:32.682+0000
Background reads: EPC:000000000000000000003131 ant:2 count:1 time:2016-11-30T23:18:32.715+0000
Background reads: EPC:000000000000000000003131 ant:2 count:1 time:2016-11-30T23:18:32.747+0000
Background reads: EPC:000000000000000000003131 ant:2 count:1 time:2016-11-30T23:18:32.781+0000
Background reads: EPC:000000000000000000003131 ant:2 count:1 time:2016-11-30T23:18:32.820+0000
Background reads: EPC:000000000000000000003131 ant:2 count:1 time:2016-11-30T23:18:32.853+0000
Temperature2: 39
High
Background reads: EPC:000000000000000000003131 ant:2 count:1 time:2016-11-30T23:18:32.910+0000
Background reads: EPC:000000000000000000003131 ant:2 count:1 time:2016-11-30T23:18:32.946+0000
Background reads: EPC:000000000000000000003131 ant:2 count:1 time:2016-11-30T23:18:32.979+0000
Background reads: EPC:000000000000000000003131 ant:2 count:1 time:2016-11-30T23:18:33.027+0000
Background reads: EPC:000000000000000000003131 ant:2 count:1 time:2016-11-30T23:18:33.072+0000
Background reads: EPC:000000000000000000003131 ant:2 count:1 time:2016-11-30T23:18:33.105+0000
Background reads: EPC:000000000000000000003131 ant:2 count:1 time:2016-11-30T23:18:33.137+0000
Background reads: EPC:000000000000000000003131 ant:2 count:1 time:2016-11-30T23:18:33.165+0000
Background reads: EPC:000000000000000000003131 ant:2 count:1 time:2016-11-30T23:18:33.199+0000
Background reads: EPC:000000000000000000003131 ant:2 count:1 time:2016-11-30T23:18:33.232+0000
Background reads: EPC:000000000000000000003131 ant:2 count:1 time:2016-11-30T23:18:33.265+0000
Background reads: EPC:000000000000000000003131 ant:2 count:1 time:2016-11-30T23:18:33.299+0000
Background reads: EPC:000000000000000000003131 ant:2 count:1 time:2016-11-30T23:18:33.332+0000
Background reads: EPC:000000000000000000003131 ant:2 count:1 time:2016-11-30T23:18:33.366+0000
Background reads: EPC:000000000000000000003131 ant:2 count:1 time:2016-11-30T23:18:33.402+0000
Temperature2: 40
High
Background reads: EPC:000000000000000000003131 ant:2 count:1 time:2016-11-30T23:18:33.450+0000
Background reads: EPC:000000000000000000003131 ant:2 count:1 time:2016-11-30T23:18:33.484+0000
Background reads: EPC:000000000000000000003131 ant:2 count:1 time:2016-11-30T23:18:33.518+0000
Background reads: EPC:000000000000000000003131 ant:2 count:1 time:2016-11-30T23:18:33.550+0000
Background reads: EPC:000000000000000000003131 ant:2 count:1 time:2016-11-30T23:18:33.583+0000
Background reads: EPC:000000000000000000003131 ant:2 count:1 time:2016-11-30T23:18:33.618+0000
Background reads: EPC:000000000000000000003131 ant:2 count:1 time:2016-11-30T23:18:33.651+0000
Background reads: EPC:000000000000000000003131 ant:2 count:1 time:2016-11-30T23:18:33.682+0000
Background reads: EPC:000000000000000000003131 ant:2 count:1 time:2016-11-30T23:18:33.711+0000
Background reads: EPC:000000000000000000003131 ant:2 count:1 time:2016-11-30T23:18:33.746+0000
Background reads: EPC:000000000000000000003131 ant:2 count:1 time:2016-11-30T23:18:33.779+0000
Background reads: EPC:000000000000000000003131 ant:2 count:1 time:2016-11-30T23:18:33.812+0000
Background reads: EPC:000000000000000000003131 ant:2 count:1 time:2016-11-30T23:18:33.848+0000
Background reads: EPC:000000000000000000003131 ant:2 count:1 time:2016-11-30T23:18:33.881+0000
Background reads: EPC:000000000000000000003131 ant:2 count:1 time:2016-11-30T23:18:33.914+0000
Background reads: EPC:000000000000000000003131 ant:2 count:1 time:2016-11-30T23:18:33.949+0000
Temperature2: 41
High
Background reads: EPC:000000000000000000003131 ant:2 count:1 time:2016-11-30T23:18:33.998+0000
Background reads: EPC:000000000000000000003131 ant:2 count:1 time:2016-11-30T23:18:34.031+0000
Background reads: EPC:000000000000000000003131 ant:2 count:1 time:2016-11-30T23:18:34.062+0000
Background reads: EPC:000000000000000000003131 ant:2 count:1 time:2016-11-30T23:18:34.095+0000
Background reads: EPC:000000000000000000003131 ant:2 count:1 time:2016-11-30T23:18:34.129+0000
Background reads: EPC:000000000000000000003131 ant:2 count:1 time:2016-11-30T23:18:34.161+0000
Background reads: EPC:000000000000000000003131 ant:2 count:1 time:2016-11-30T23:18:34.193+0000
Background reads: EPC:000000000000000000003131 ant:2 count:1 time:2016-11-30T23:18:34.226+0000
Background reads: EPC:000000000000000000003131 ant:2 count:1 time:2016-11-30T23:18:34.259+0000
Background reads: EPC:000000000000000000003131 ant:2 count:1 time:2016-11-30T23:18:34.292+0000
Background reads: EPC:000000000000000000003131 ant:2 count:1 time:2016-11-30T23:18:34.324+0000
Background reads: EPC:000000000000000000003131 ant:2 count:1 time:2016-11-30T23:18:34.359+0000
Background reads: EPC:000000000000000000003131 ant:2 count:1 time:2016-11-30T23:18:34.390+0000
Background reads: EPC:000000000000000000003131 ant:2 count:1 time:2016-11-30T23:18:34.422+0000
Background reads: EPC:000000000000000000003131 ant:2 count:1 time:2016-11-30T23:18:34.457+0000
Background reads: EPC:000000000000000000003131 ant:2 count:1 time:2016-11-30T23:18:34.488+0000
Temperature2: 42
High
Background reads: EPC:000000000000000000003131 ant:2 count:1 time:2016-11-30T23:18:34.801+0000
Background reads: EPC:000000000000000000003131 ant:2 count:1 time:2016-11-30T23:18:34.841+0000
Background reads: EPC:000000000000000000003131 ant:2 count:1 time:2016-11-30T23:18:34.874+0000
Background reads: EPC:000000000000000000003131 ant:2 count:1 time:2016-11-30T23:18:34.907+0000
Background reads: EPC:000000000000000000003131 ant:2 count:1 time:2016-11-30T23:18:34.940+0000
Background reads: EPC:000000000000000000003131 ant:2 count:1 time:2016-11-30T23:18:34.974+0000
Background reads: EPC:000000000000000000003131 ant:2 count:1 time:2016-11-30T23:18:35.005+0000
Background reads: EPC:000000000000000000003131 ant:2 count:1 time:2016-11-30T23:18:35.039+0000
Temperature2: 42
High
Background reads: EPC:000000000000000000003131 ant:2 count:1 time:2016-11-30T23:18:35.087+0000
Background reads: EPC:000000000000000000003131 ant:2 count:1 time:2016-11-30T23:18:35.119+0000
Background reads: EPC:000000000000000000003131 ant:2 count:1 time:2016-11-30T23:18:35.150+0000
Background reads: EPC:000000000000000000003131 ant:2 count:1 time:2016-11-30T23:18:35.185+0000
Background reads: EPC:000000000000000000003131 ant:2 count:1 time:2016-11-30T23:18:35.218+0000
Background reads: EPC:000000000000000000003131 ant:2 count:1 time:2016-11-30T23:18:35.249+0000
Background reads: EPC:000000000000000000003131 ant:2 count:1 time:2016-11-30T23:18:35.283+0000
Background reads: EPC:000000000000000000003131 ant:2 count:1 time:2016-11-30T23:18:35.316+0000
Temperature2: 42
High
Background reads: EPC:000000000000000000003131 ant:2 count:1 time:2016-11-30T23:18:35.646+0000
Background reads: EPC:000000000000000000003131 ant:2 count:1 time:2016-11-30T23:18:35.678+0000
Background reads: EPC:000000000000000000003131 ant:2 count:1 time:2016-11-30T23:18:35.713+0000
Background reads: EPC:000000000000000000003131 ant:2 count:1 time:2016-11-30T23:18:35.744+0000
Background reads: EPC:000000000000000000003131 ant:2 count:1 time:2016-11-30T23:18:35.781+0000
Background reads: EPC:000000000000000000003131 ant:2 count:1 time:2016-11-30T23:18:35.812+0000
Background reads: EPC:000000000000000000003131 ant:2 count:1 time:2016-11-30T23:18:35.846+0000
Background reads: EPC:000000000000000000003131 ant:2 count:1 time:2016-11-30T23:18:35.878+0000
Background reads: EPC:000000000000000000003131 ant:2 count:1 time:2016-11-30T23:18:35.910+0000
Background reads: EPC:000000000000000000003131 ant:2 count:1 time:2016-11-30T23:18:35.941+0000
Background reads: EPC:000000000000000000003131 ant:2 count:1 time:2016-11-30T23:18:35.976+0000
Background reads: EPC:000000000000000000003131 ant:2 count:1 time:2016-11-30T23:18:36.009+0000
Background reads: EPC:000000000000000000003131 ant:2 count:1 time:2016-11-30T23:18:36.040+0000
Background reads: EPC:000000000000000000003131 ant:2 count:1 time:2016-11-30T23:18:36.072+0000
Background reads: EPC:000000000000000000003131 ant:2 count:1 time:2016-11-30T23:18:36.119+0000
Temperature2: 42
High
Background reads: EPC:000000000000000000003131 ant:2 count:1 time:2016-11-30T23:18:36.201+0000
Background reads: EPC:000000000000000000003131 ant:2 count:1 time:2016-11-30T23:18:36.233+0000
Background reads: EPC:000000000000000000003131 ant:2 count:1 time:2016-11-30T23:18:36.265+0000
Background reads: EPC:000000000000000000003131 ant:2 count:1 time:2016-11-30T23:18:36.300+0000
Background reads: EPC:000000000000000000003131 ant:2 count:1 time:2016-11-30T23:18:36.331+0000
Background reads: EPC:000000000000000000003131 ant:2 count:1 time:2016-11-30T23:18:36.366+0000
Background reads: EPC:000000000000000000003131 ant:2 count:1 time:2016-11-30T23:18:36.397+0000
Background reads: EPC:000000000000000000003131 ant:2 count:1 time:2016-11-30T23:18:36.431+0000
Background reads: EPC:000000000000000000003131 ant:2 count:1 time:2016-11-30T23:18:36.463+0000
Background reads: EPC:000000000000000000003131 ant:2 count:1 time:2016-11-30T23:18:36.495+0000
Background reads: EPC:000000000000000000003131 ant:2 count:1 time:2016-11-30T23:18:36.528+0000
Background reads: EPC:000000000000000000003131 ant:2 count:1 time:2016-11-30T23:18:36.563+0000
Background reads: EPC:000000000000000000003131 ant:2 count:1 time:2016-11-30T23:18:36.593+0000
Background reads: EPC:000000000000000000003131 ant:2 count:1 time:2016-11-30T23:18:36.627+0000
Background reads: EPC:000000000000000000003131 ant:2 count:1 time:2016-11-30T23:18:36.659+0000
Background reads: EPC:000000000000000000003131 ant:2 count:1 time:2016-11-30T23:18:36.692+0000
Temperature2: 42
High
Background reads: EPC:000000000000000000003131 ant:2 count:1 time:2016-11-30T23:18:36.741+0000
Background reads: EPC:000000000000000000003131 ant:2 count:1 time:2016-11-30T23:18:36.773+0000
Background reads: EPC:000000000000000000003131 ant:2 count:1 time:2016-11-30T23:18:36.805+0000
Background reads: EPC:000000000000000000003131 ant:2 count:1 time:2016-11-30T23:18:36.840+0000
Background reads: EPC:000000000000000000003131 ant:2 count:1 time:2016-11-30T23:18:36.873+0000
Background reads: EPC:000000000000000000003131 ant:2 count:1 time:2016-11-30T23:18:36.908+0000
Background reads: EPC:000000000000000000003131 ant:2 count:1 time:2016-11-30T23:18:36.942+0000
Background reads: EPC:000000000000000000003131 ant:2 count:1 time:2016-11-30T23:18:36.975+0000
Background reads: EPC:000000000000000000003131 ant:2 count:1 time:2016-11-30T23:18:37.008+0000
Background reads: EPC:000000000000000000003131 ant:2 count:1 time:2016-11-30T23:18:37.040+0000
Background reads: EPC:000000000000000000003131 ant:2 count:1 time:2016-11-30T23:18:37.074+0000
Background reads: EPC:000000000000000000003131 ant:2 count:1 time:2016-11-30T23:18:37.107+0000
Background reads: EPC:000000000000000000003131 ant:2 count:1 time:2016-11-30T23:18:37.139+0000
Background reads: EPC:000000000000000000003131 ant:2 count:1 time:2016-11-30T23:18:37.171+0000
Background reads: EPC:000000000000000000003131 ant:2 count:1 time:2016-11-30T23:18:37.206+0000
Background reads: EPC:000000000000000000003131 ant:2 count:1 time:2016-11-30T23:18:37.237+0000
Temperature2: 43
High
Background reads: EPC:000000000000000000003131 ant:2 count:1 time:2016-11-30T23:18:37.287+0000
Background reads: EPC:000000000000000000003131 ant:2 count:1 time:2016-11-30T23:18:37.320+0000
Background reads: EPC:000000000000000000003131 ant:2 count:1 time:2016-11-30T23:18:37.354+0000
Background reads: EPC:000000000000000000003131 ant:2 count:1 time:2016-11-30T23:18:37.390+0000
Background reads: EPC:000000000000000000003131 ant:2 count:1 time:2016-11-30T23:18:37.423+0000
Background reads: EPC:000000000000000000003131 ant:2 count:1 time:2016-11-30T23:18:37.455+0000
Background reads: EPC:000000000000000000003131 ant:2 count:1 time:2016-11-30T23:18:37.491+0000
Background reads: EPC:000000000000000000003131 ant:2 count:1 time:2016-11-30T23:18:37.524+0000
Background reads: EPC:000000000000000000003131 ant:2 count:1 time:2016-11-30T23:18:37.550+0000
Background reads: EPC:000000000000000000003131 ant:2 count:1 time:2016-11-30T23:18:37.581+0000
Background reads: EPC:000000000000000000003131 ant:2 count:1 time:2016-11-30T23:18:37.616+0000
Background reads: EPC:000000000000000000003131 ant:2 count:1 time:2016-11-30T23:18:37.649+0000
Background reads: EPC:000000000000000000003131 ant:2 count:1 time:2016-11-30T23:18:37.681+0000
Background reads: EPC:000000000000000000003131 ant:2 count:1 time:2016-11-30T23:18:37.713+0000
Background reads: EPC:000000000000000000003131 ant:2 count:1 time:2016-11-30T23:18:37.747+0000
Background reads: EPC:000000000000000000003131 ant:2 count:1 time:2016-11-30T23:18:37.778+0000
Temperature2: 43
High
Background reads: EPC:000000000000000000003131 ant:2 count:1 time:2016-11-30T23:18:38.107+0000
Background reads: EPC:000000000000000000003131 ant:2 count:1 time:2016-11-30T23:18:38.141+0000
Background reads: EPC:000000000000000000003131 ant:2 count:1 time:2016-11-30T23:18:38.172+0000
Background reads: EPC:000000000000000000003131 ant:2 count:1 time:2016-11-30T23:18:38.208+0000
Background reads: EPC:000000000000000000003131 ant:2 count:1 time:2016-11-30T23:18:38.240+0000
Background reads: EPC:000000000000000000003131 ant:2 count:1 time:2016-11-30T23:18:38.282+0000
Background reads: EPC:000000000000000000003131 ant:2 count:1 time:2016-11-30T23:18:38.314+0000
Temperature2: 43
High
DONE: RUN #2
TO TURN OFF HOLD BUTTON 1
TURNING OFF!!!!! BYE BYE
